<?xml version="1.0" encoding="UTF-8"?>
<testng-results ignored="0" total="6" passed="5" failed="1" skipped="0">
  <reporter-output>
  </reporter-output>
  <suite started-at="2024-12-24T17:21:14 IST" name="Spicejet Suite" finished-at="2024-12-24T17:23:35 IST" duration-ms="141720">
    <groups>
    </groups>
    <test started-at="2024-12-24T17:21:14 IST" name="Spicejet testcases" finished-at="2024-12-24T17:23:35 IST" duration-ms="141720">
      <class name="Spicejet.Spicejet.ValidateFieldsTest">
        <test-method is-config="true" signature="setUp()[pri:0, instance:Spicejet.Spicejet.ValidateFieldsTest@229c6181]" started-at="2024-12-24T17:21:33 IST" name="setUp" finished-at="2024-12-24T17:21:33 IST" duration-ms="1" status="PASS">
          <reporter-output>
          </reporter-output>
        </test-method> <!-- setUp -->
        <test-method signature="validateTabs()[pri:0, instance:Spicejet.Spicejet.ValidateFieldsTest@229c6181]" started-at="2024-12-24T17:21:33 IST" name="validateTabs" finished-at="2024-12-24T17:21:38 IST" duration-ms="4945" status="PASS">
          <reporter-output>
          </reporter-output>
        </test-method> <!-- validateTabs -->
      </class> <!-- Spicejet.Spicejet.ValidateFieldsTest -->
      <class name="Spicejet.Spicejet.BookingPageTest">
        <test-method is-config="true" signature="setUp()[pri:0, instance:Spicejet.Spicejet.BookingPageTest@1e0b4072]" started-at="2024-12-24T17:22:11 IST" name="setUp" finished-at="2024-12-24T17:22:11 IST" duration-ms="3" status="PASS">
          <reporter-output>
          </reporter-output>
        </test-method> <!-- setUp -->
        <test-method signature="enterBookingDetails()[pri:0, instance:Spicejet.Spicejet.BookingPageTest@1e0b4072]" started-at="2024-12-24T17:22:11 IST" name="enterBookingDetails" finished-at="2024-12-24T17:23:35 IST" duration-ms="83678" status="FAIL">
          <exception class="java.lang.AssertionError">
            <message>
              <![CDATA[Booking not successful expected [true] but found [false]]]>
            </message>
            <full-stacktrace>
              <![CDATA[java.lang.AssertionError: Booking not successful expected [true] but found [false]
at org.testng.Assert.fail(Assert.java:99)
at org.testng.Assert.failNotEquals(Assert.java:1037)
at org.testng.Assert.assertTrue(Assert.java:45)
at Spicejet.Spicejet.BookingPageTest.enterBookingDetails(BookingPageTest.java:46)
at java.base/jdk.internal.reflect.NativeMethodAccessorImpl.invoke0(Native Method)
at java.base/jdk.internal.reflect.NativeMethodAccessorImpl.invoke(NativeMethodAccessorImpl.java:77)
at java.base/jdk.internal.reflect.DelegatingMethodAccessorImpl.invoke(DelegatingMethodAccessorImpl.java:43)
at java.base/java.lang.reflect.Method.invoke(Method.java:568)
at org.testng.internal.MethodInvocationHelper.invokeMethod(MethodInvocationHelper.java:133)
at org.testng.internal.TestInvoker.invokeMethod(TestInvoker.java:598)
at org.testng.internal.TestInvoker.invokeTestMethod(TestInvoker.java:173)
at org.testng.internal.MethodRunner.runInSequence(MethodRunner.java:46)
at org.testng.internal.TestInvoker$MethodInvocationAgent.invoke(TestInvoker.java:824)
at org.testng.internal.TestInvoker.invokeTestMethods(TestInvoker.java:146)
at org.testng.internal.TestMethodWorker.invokeTestMethods(TestMethodWorker.java:146)
at org.testng.internal.TestMethodWorker.run(TestMethodWorker.java:128)
at java.base/java.util.ArrayList.forEach(ArrayList.java:1511)
at org.testng.TestRunner.privateRun(TestRunner.java:794)
at org.testng.TestRunner.run(TestRunner.java:596)
at org.testng.SuiteRunner.runTest(SuiteRunner.java:377)
at org.testng.SuiteRunner.runSequentially(SuiteRunner.java:371)
at org.testng.SuiteRunner.privateRun(SuiteRunner.java:332)
at org.testng.SuiteRunner.run(SuiteRunner.java:276)
at org.testng.SuiteRunnerWorker.runSuite(SuiteRunnerWorker.java:53)
at org.testng.SuiteRunnerWorker.run(SuiteRunnerWorker.java:96)
at org.testng.TestNG.runSuitesSequentially(TestNG.java:1212)
at org.testng.TestNG.runSuitesLocally(TestNG.java:1134)
at org.testng.TestNG.runSuites(TestNG.java:1063)
at org.testng.TestNG.run(TestNG.java:1031)
at org.testng.remote.AbstractRemoteTestNG.run(AbstractRemoteTestNG.java:115)
at org.testng.remote.RemoteTestNG.initAndRun(RemoteTestNG.java:293)
at org.testng.remote.RemoteTestNG.main(RemoteTestNG.java:91)
]]>
            </full-stacktrace>
          </exception> <!-- java.lang.AssertionError -->
          <reporter-output>
          </reporter-output>
        </test-method> <!-- enterBookingDetails -->
      </class> <!-- Spicejet.Spicejet.BookingPageTest -->
      <class name="Spicejet.Spicejet.LoginTest">
        <test-method is-config="true" signature="setUp()[pri:0, instance:Spicejet.Spicejet.LoginTest@4d154ccd]" started-at="2024-12-24T17:21:21 IST" name="setUp" finished-at="2024-12-24T17:21:21 IST" duration-ms="8" status="PASS">
          <reporter-output>
          </reporter-output>
        </test-method> <!-- setUp -->
        <test-method signature="testLogin()[pri:0, instance:Spicejet.Spicejet.LoginTest@4d154ccd]" started-at="2024-12-24T17:21:21 IST" name="testLogin" finished-at="2024-12-24T17:21:33 IST" duration-ms="12243" status="PASS">
          <reporter-output>
          </reporter-output>
        </test-method> <!-- testLogin -->
      </class> <!-- Spicejet.Spicejet.LoginTest -->
      <class name="Spicejet.Spicejet.BrowsersetupTest">
        <test-method is-config="true" signature="setUp()[pri:0, instance:Spicejet.Spicejet.BrowsersetupTest@1b11171f]" started-at="2024-12-24T17:21:10 IST" name="setUp" finished-at="2024-12-24T17:21:14 IST" duration-ms="4104" status="PASS">
          <reporter-output>
          </reporter-output>
        </test-method> <!-- setUp -->
        <test-method signature="testSpicejetLaunch()[pri:0, instance:Spicejet.Spicejet.BrowsersetupTest@1b11171f]" started-at="2024-12-24T17:21:14 IST" name="testSpicejetLaunch" finished-at="2024-12-24T17:21:21 IST" duration-ms="6916" status="PASS">
          <reporter-output>
          </reporter-output>
        </test-method> <!-- testSpicejetLaunch -->
        <test-method is-config="true" signature="tearDown()[pri:0, instance:Spicejet.Spicejet.BrowsersetupTest@1b11171f]" started-at="2024-12-24T17:23:35 IST" name="tearDown" finished-at="2024-12-24T17:23:36 IST" duration-ms="587" status="PASS">
          <reporter-output>
          </reporter-output>
        </test-method> <!-- tearDown -->
      </class> <!-- Spicejet.Spicejet.BrowsersetupTest -->
      <class name="Spicejet.Spicejet.FlightSearchPageTest">
        <test-method is-config="true" signature="setUp()[pri:0, instance:Spicejet.Spicejet.FlightSearchPageTest@4686afc2]" started-at="2024-12-24T17:21:38 IST" name="setUp" finished-at="2024-12-24T17:21:38 IST" duration-ms="2" status="PASS">
          <reporter-output>
          </reporter-output>
        </test-method> <!-- setUp -->
        <test-method signature="searchOneWayFlight()[pri:0, instance:Spicejet.Spicejet.FlightSearchPageTest@4686afc2]" started-at="2024-12-24T17:21:38 IST" name="searchOneWayFlight" finished-at="2024-12-24T17:21:50 IST" duration-ms="12420" status="PASS">
          <reporter-output>
          </reporter-output>
        </test-method> <!-- searchOneWayFlight -->
        <test-method is-config="true" signature="setUp()[pri:0, instance:Spicejet.Spicejet.FlightSearchPageTest@4686afc2]" started-at="2024-12-24T17:21:50 IST" name="setUp" finished-at="2024-12-24T17:21:50 IST" duration-ms="0" status="PASS">
          <reporter-output>
          </reporter-output>
        </test-method> <!-- setUp -->
        <test-method signature="searchRoundTripFlight()[pri:0, instance:Spicejet.Spicejet.FlightSearchPageTest@4686afc2]" started-at="2024-12-24T17:21:50 IST" name="searchRoundTripFlight" finished-at="2024-12-24T17:22:11 IST" duration-ms="21099" status="PASS">
          <reporter-output>
          </reporter-output>
        </test-method> <!-- searchRoundTripFlight -->
      </class> <!-- Spicejet.Spicejet.FlightSearchPageTest -->
    </test> <!-- Spicejet testcases -->
  </suite> <!-- Spicejet Suite -->
</testng-results>
